{"/Users/nicole/dev/SENG2021/code-crusaders/backend/src/config/db.js": {"path":"/Users/nicole/dev/SENG2021/code-crusaders/backend/src/config/db.js","statementMap":{"0":{"start":{"line":4,"column":0},"end":{"line":4,"column":16}},"1":{"start":{"line":6,"column":20},"end":{"line":6,"column":44}},"2":{"start":{"line":7,"column":20},"end":{"line":7,"column":44}},"3":{"start":{"line":8,"column":17},"end":{"line":8,"column":55}}},"fnMap":{},"branchMap":{},"s":{"0":2,"1":2,"2":2,"3":2},"f":{},"b":{},"_coverageSchema":"1a1c01bbd47fc00a2c39e90264f33305004495a9","hash":"6aa4feddc5457dfab57003736d0adcd6c765412c"}
,"/Users/nicole/dev/SENG2021/code-crusaders/backend/src/middleware/authMiddleware.js": {"path":"/Users/nicole/dev/SENG2021/code-crusaders/backend/src/middleware/authMiddleware.js","statementMap":{"0":{"start":{"line":5,"column":23},"end":{"line":25,"column":1}},"1":{"start":{"line":6,"column":16},"end":{"line":6,"column":56}},"2":{"start":{"line":8,"column":2},"end":{"line":10,"column":3}},"3":{"start":{"line":9,"column":4},"end":{"line":9,"column":64}},"4":{"start":{"line":12,"column":2},"end":{"line":24,"column":3}},"5":{"start":{"line":13,"column":20},"end":{"line":13,"column":61}},"6":{"start":{"line":14,"column":4},"end":{"line":14,"column":23}},"7":{"start":{"line":15,"column":4},"end":{"line":15,"column":11}},"8":{"start":{"line":17,"column":4},"end":{"line":23,"column":5}},"9":{"start":{"line":18,"column":6},"end":{"line":18,"column":62}},"10":{"start":{"line":19,"column":11},"end":{"line":23,"column":5}},"11":{"start":{"line":20,"column":6},"end":{"line":20,"column":62}},"12":{"start":{"line":22,"column":6},"end":{"line":22,"column":74}}},"fnMap":{"0":{"name":"(anonymous_0)","decl":{"start":{"line":5,"column":23},"end":{"line":5,"column":24}},"loc":{"start":{"line":5,"column":43},"end":{"line":25,"column":1}},"line":5}},"branchMap":{"0":{"loc":{"start":{"line":8,"column":2},"end":{"line":10,"column":3}},"type":"if","locations":[{"start":{"line":8,"column":2},"end":{"line":10,"column":3}},{"start":{},"end":{}}],"line":8},"1":{"loc":{"start":{"line":17,"column":4},"end":{"line":23,"column":5}},"type":"if","locations":[{"start":{"line":17,"column":4},"end":{"line":23,"column":5}},{"start":{"line":19,"column":11},"end":{"line":23,"column":5}}],"line":17},"2":{"loc":{"start":{"line":19,"column":11},"end":{"line":23,"column":5}},"type":"if","locations":[{"start":{"line":19,"column":11},"end":{"line":23,"column":5}},{"start":{"line":21,"column":11},"end":{"line":23,"column":5}}],"line":19}},"s":{"0":1,"1":5,"2":5,"3":1,"4":4,"5":4,"6":1,"7":1,"8":3,"9":1,"10":2,"11":1,"12":1},"f":{"0":5},"b":{"0":[1,4],"1":[1,2],"2":[1,1]},"_coverageSchema":"1a1c01bbd47fc00a2c39e90264f33305004495a9","hash":"e082160738bf750dac7b77aea77021443451d4dc"}
,"/Users/nicole/dev/SENG2021/code-crusaders/backend/src/tests/wrapper.js": {"path":"/Users/nicole/dev/SENG2021/code-crusaders/backend/src/tests/wrapper.js","statementMap":{"0":{"start":{"line":4,"column":13},"end":{"line":4,"column":24}},"1":{"start":{"line":5,"column":12},"end":{"line":5,"column":22}},"2":{"start":{"line":6,"column":19},"end":{"line":6,"column":35}},"3":{"start":{"line":7,"column":19},"end":{"line":7,"column":24}},"4":{"start":{"line":9,"column":29},"end":{"line":35,"column":1}},"5":{"start":{"line":10,"column":2},"end":{"line":34,"column":3}},"6":{"start":{"line":11,"column":21},"end":{"line":22,"column":6}},"7":{"start":{"line":23,"column":4},"end":{"line":27,"column":6}},"8":{"start":{"line":29,"column":4},"end":{"line":33,"column":6}},"9":{"start":{"line":39,"column":38},"end":{"line":40,"column":70}},"10":{"start":{"line":40,"column":2},"end":{"line":40,"column":70}},"11":{"start":{"line":42,"column":38},"end":{"line":43,"column":68}},"12":{"start":{"line":43,"column":2},"end":{"line":43,"column":68}},"13":{"start":{"line":45,"column":35},"end":{"line":46,"column":86}},"14":{"start":{"line":46,"column":2},"end":{"line":46,"column":86}},"15":{"start":{"line":48,"column":32},"end":{"line":49,"column":62}},"16":{"start":{"line":49,"column":2},"end":{"line":49,"column":62}},"17":{"start":{"line":51,"column":33},"end":{"line":52,"column":53}},"18":{"start":{"line":52,"column":2},"end":{"line":52,"column":53}},"19":{"start":{"line":54,"column":38},"end":{"line":55,"column":70}},"20":{"start":{"line":55,"column":2},"end":{"line":55,"column":70}},"21":{"start":{"line":57,"column":37},"end":{"line":58,"column":53}},"22":{"start":{"line":58,"column":2},"end":{"line":58,"column":53}},"23":{"start":{"line":60,"column":42},"end":{"line":62,"column":1}},"24":{"start":{"line":61,"column":2},"end":{"line":61,"column":65}}},"fnMap":{"0":{"name":"(anonymous_0)","decl":{"start":{"line":9,"column":29},"end":{"line":9,"column":30}},"loc":{"start":{"line":9,"column":79},"end":{"line":35,"column":1}},"line":9},"1":{"name":"(anonymous_1)","decl":{"start":{"line":39,"column":38},"end":{"line":39,"column":39}},"loc":{"start":{"line":40,"column":2},"end":{"line":40,"column":70}},"line":40},"2":{"name":"(anonymous_2)","decl":{"start":{"line":42,"column":38},"end":{"line":42,"column":39}},"loc":{"start":{"line":43,"column":2},"end":{"line":43,"column":68}},"line":43},"3":{"name":"(anonymous_3)","decl":{"start":{"line":45,"column":35},"end":{"line":45,"column":36}},"loc":{"start":{"line":46,"column":2},"end":{"line":46,"column":86}},"line":46},"4":{"name":"(anonymous_4)","decl":{"start":{"line":48,"column":32},"end":{"line":48,"column":33}},"loc":{"start":{"line":49,"column":2},"end":{"line":49,"column":62}},"line":49},"5":{"name":"(anonymous_5)","decl":{"start":{"line":51,"column":33},"end":{"line":51,"column":34}},"loc":{"start":{"line":52,"column":2},"end":{"line":52,"column":53}},"line":52},"6":{"name":"(anonymous_6)","decl":{"start":{"line":54,"column":38},"end":{"line":54,"column":39}},"loc":{"start":{"line":55,"column":2},"end":{"line":55,"column":70}},"line":55},"7":{"name":"(anonymous_7)","decl":{"start":{"line":57,"column":37},"end":{"line":57,"column":38}},"loc":{"start":{"line":58,"column":2},"end":{"line":58,"column":53}},"line":58},"8":{"name":"(anonymous_8)","decl":{"start":{"line":60,"column":42},"end":{"line":60,"column":43}},"loc":{"start":{"line":60,"column":62},"end":{"line":62,"column":1}},"line":60}},"branchMap":{"0":{"loc":{"start":{"line":9,"column":50},"end":{"line":9,"column":62}},"type":"default-arg","locations":[{"start":{"line":9,"column":60},"end":{"line":9,"column":62}}],"line":9},"1":{"loc":{"start":{"line":9,"column":64},"end":{"line":9,"column":74}},"type":"default-arg","locations":[{"start":{"line":9,"column":72},"end":{"line":9,"column":74}}],"line":9},"2":{"loc":{"start":{"line":16,"column":25},"end":{"line":16,"column":55}},"type":"cond-expr","locations":[{"start":{"line":16,"column":33},"end":{"line":16,"column":50}},{"start":{"line":16,"column":53},"end":{"line":16,"column":55}}],"line":16},"3":{"loc":{"start":{"line":19,"column":10},"end":{"line":21,"column":27}},"type":"cond-expr","locations":[{"start":{"line":20,"column":10},"end":{"line":20,"column":29}},{"start":{"line":21,"column":10},"end":{"line":21,"column":27}}],"line":19},"4":{"loc":{"start":{"line":19,"column":10},"end":{"line":19,"column":77}},"type":"binary-expr","locations":[{"start":{"line":19,"column":10},"end":{"line":19,"column":40}},{"start":{"line":19,"column":44},"end":{"line":19,"column":77}}],"line":19},"5":{"loc":{"start":{"line":30,"column":18},"end":{"line":30,"column":47}},"type":"binary-expr","locations":[{"start":{"line":30,"column":18},"end":{"line":30,"column":40}},{"start":{"line":30,"column":44},"end":{"line":30,"column":47}}],"line":30},"6":{"loc":{"start":{"line":31,"column":12},"end":{"line":31,"column":72}},"type":"binary-expr","locations":[{"start":{"line":31,"column":12},"end":{"line":31,"column":32}},{"start":{"line":31,"column":36},"end":{"line":31,"column":72}}],"line":31}},"s":{"0":2,"1":2,"2":2,"3":2,"4":2,"5":60,"6":60,"7":32,"8":28,"9":2,"10":14,"11":2,"12":6,"13":2,"14":19,"15":2,"16":5,"17":2,"18":2,"19":2,"20":6,"21":2,"22":2,"23":2,"24":6},"f":{"0":60,"1":14,"2":6,"3":19,"4":5,"5":2,"6":6,"7":2,"8":6},"b":{"0":[0],"1":[24],"2":[36,24],"3":[8,52],"4":[60,52],"5":[28,0],"6":[28,0]},"_coverageSchema":"1a1c01bbd47fc00a2c39e90264f33305004495a9","hash":"980738ad11401f51de85bbfcddbb0f7719b36c36"}
}
