{"/Users/lanamireille/Documents/UNI/seng2041/code-crusaders/backend/src/config/db.js": {"path":"/Users/lanamireille/Documents/UNI/seng2041/code-crusaders/backend/src/config/db.js","statementMap":{"0":{"start":{"line":4,"column":0},"end":{"line":4,"column":16}},"1":{"start":{"line":6,"column":20},"end":{"line":6,"column":44}},"2":{"start":{"line":7,"column":20},"end":{"line":7,"column":44}},"3":{"start":{"line":8,"column":17},"end":{"line":8,"column":55}}},"fnMap":{},"branchMap":{},"s":{"0":2,"1":2,"2":2,"3":2},"f":{},"b":{},"_coverageSchema":"1a1c01bbd47fc00a2c39e90264f33305004495a9","hash":"ba5b0a456b6098de4af42c2a5878350f0d067f4a"}
,"/Users/lanamireille/Documents/UNI/seng2041/code-crusaders/backend/src/middleware/authMiddleware.js": {"path":"/Users/lanamireille/Documents/UNI/seng2041/code-crusaders/backend/src/middleware/authMiddleware.js","statementMap":{"0":{"start":{"line":4,"column":23},"end":{"line":24,"column":1}},"1":{"start":{"line":5,"column":16},"end":{"line":5,"column":56}},"2":{"start":{"line":7,"column":2},"end":{"line":9,"column":3}},"3":{"start":{"line":8,"column":4},"end":{"line":8,"column":64}},"4":{"start":{"line":11,"column":2},"end":{"line":23,"column":3}},"5":{"start":{"line":12,"column":20},"end":{"line":12,"column":61}},"6":{"start":{"line":13,"column":4},"end":{"line":13,"column":23}},"7":{"start":{"line":14,"column":4},"end":{"line":14,"column":11}},"8":{"start":{"line":16,"column":4},"end":{"line":22,"column":5}},"9":{"start":{"line":17,"column":6},"end":{"line":17,"column":62}},"10":{"start":{"line":18,"column":11},"end":{"line":22,"column":5}},"11":{"start":{"line":19,"column":6},"end":{"line":19,"column":62}},"12":{"start":{"line":21,"column":6},"end":{"line":21,"column":74}}},"fnMap":{"0":{"name":"(anonymous_0)","decl":{"start":{"line":4,"column":23},"end":{"line":4,"column":24}},"loc":{"start":{"line":4,"column":43},"end":{"line":24,"column":1}},"line":4}},"branchMap":{"0":{"loc":{"start":{"line":7,"column":2},"end":{"line":9,"column":3}},"type":"if","locations":[{"start":{"line":7,"column":2},"end":{"line":9,"column":3}},{"start":{},"end":{}}],"line":7},"1":{"loc":{"start":{"line":16,"column":4},"end":{"line":22,"column":5}},"type":"if","locations":[{"start":{"line":16,"column":4},"end":{"line":22,"column":5}},{"start":{"line":18,"column":11},"end":{"line":22,"column":5}}],"line":16},"2":{"loc":{"start":{"line":18,"column":11},"end":{"line":22,"column":5}},"type":"if","locations":[{"start":{"line":18,"column":11},"end":{"line":22,"column":5}},{"start":{"line":20,"column":11},"end":{"line":22,"column":5}}],"line":18}},"s":{"0":1,"1":5,"2":5,"3":1,"4":4,"5":4,"6":1,"7":1,"8":3,"9":1,"10":2,"11":1,"12":1},"f":{"0":5},"b":{"0":[1,4],"1":[1,2],"2":[1,1]},"_coverageSchema":"1a1c01bbd47fc00a2c39e90264f33305004495a9","hash":"a80251fc5697d234e67343be10c49568e92b6dd7"}
,"/Users/lanamireille/Documents/UNI/seng2041/code-crusaders/backend/src/tests/wrapper.js": {"path":"/Users/lanamireille/Documents/UNI/seng2041/code-crusaders/backend/src/tests/wrapper.js","statementMap":{"0":{"start":{"line":6,"column":13},"end":{"line":6,"column":24}},"1":{"start":{"line":7,"column":12},"end":{"line":7,"column":22}},"2":{"start":{"line":8,"column":19},"end":{"line":8,"column":35}},"3":{"start":{"line":9,"column":19},"end":{"line":9,"column":24}},"4":{"start":{"line":11,"column":29},"end":{"line":37,"column":1}},"5":{"start":{"line":12,"column":2},"end":{"line":36,"column":3}},"6":{"start":{"line":13,"column":21},"end":{"line":24,"column":6}},"7":{"start":{"line":25,"column":4},"end":{"line":29,"column":6}},"8":{"start":{"line":31,"column":4},"end":{"line":35,"column":6}},"9":{"start":{"line":40,"column":32},"end":{"line":46,"column":1}},"10":{"start":{"line":41,"column":20},"end":{"line":41,"column":71}},"11":{"start":{"line":43,"column":2},"end":{"line":45,"column":3}},"12":{"start":{"line":44,"column":4},"end":{"line":44,"column":46}},"13":{"start":{"line":50,"column":38},"end":{"line":51,"column":70}},"14":{"start":{"line":51,"column":2},"end":{"line":51,"column":70}},"15":{"start":{"line":53,"column":38},"end":{"line":54,"column":68}},"16":{"start":{"line":54,"column":2},"end":{"line":54,"column":68}},"17":{"start":{"line":56,"column":35},"end":{"line":57,"column":86}},"18":{"start":{"line":57,"column":2},"end":{"line":57,"column":86}},"19":{"start":{"line":59,"column":32},"end":{"line":60,"column":62}},"20":{"start":{"line":60,"column":2},"end":{"line":60,"column":62}},"21":{"start":{"line":62,"column":33},"end":{"line":63,"column":53}},"22":{"start":{"line":63,"column":2},"end":{"line":63,"column":53}},"23":{"start":{"line":65,"column":38},"end":{"line":66,"column":70}},"24":{"start":{"line":66,"column":2},"end":{"line":66,"column":70}},"25":{"start":{"line":68,"column":37},"end":{"line":69,"column":53}},"26":{"start":{"line":69,"column":2},"end":{"line":69,"column":53}},"27":{"start":{"line":71,"column":42},"end":{"line":73,"column":1}},"28":{"start":{"line":72,"column":2},"end":{"line":72,"column":65}},"29":{"start":{"line":75,"column":34},"end":{"line":76,"column":60}},"30":{"start":{"line":76,"column":2},"end":{"line":76,"column":60}}},"fnMap":{"0":{"name":"(anonymous_0)","decl":{"start":{"line":11,"column":29},"end":{"line":11,"column":30}},"loc":{"start":{"line":11,"column":79},"end":{"line":37,"column":1}},"line":11},"1":{"name":"(anonymous_1)","decl":{"start":{"line":40,"column":32},"end":{"line":40,"column":33}},"loc":{"start":{"line":40,"column":45},"end":{"line":46,"column":1}},"line":40},"2":{"name":"(anonymous_2)","decl":{"start":{"line":50,"column":38},"end":{"line":50,"column":39}},"loc":{"start":{"line":51,"column":2},"end":{"line":51,"column":70}},"line":51},"3":{"name":"(anonymous_3)","decl":{"start":{"line":53,"column":38},"end":{"line":53,"column":39}},"loc":{"start":{"line":54,"column":2},"end":{"line":54,"column":68}},"line":54},"4":{"name":"(anonymous_4)","decl":{"start":{"line":56,"column":35},"end":{"line":56,"column":36}},"loc":{"start":{"line":57,"column":2},"end":{"line":57,"column":86}},"line":57},"5":{"name":"(anonymous_5)","decl":{"start":{"line":59,"column":32},"end":{"line":59,"column":33}},"loc":{"start":{"line":60,"column":2},"end":{"line":60,"column":62}},"line":60},"6":{"name":"(anonymous_6)","decl":{"start":{"line":62,"column":33},"end":{"line":62,"column":34}},"loc":{"start":{"line":63,"column":2},"end":{"line":63,"column":53}},"line":63},"7":{"name":"(anonymous_7)","decl":{"start":{"line":65,"column":38},"end":{"line":65,"column":39}},"loc":{"start":{"line":66,"column":2},"end":{"line":66,"column":70}},"line":66},"8":{"name":"(anonymous_8)","decl":{"start":{"line":68,"column":37},"end":{"line":68,"column":38}},"loc":{"start":{"line":69,"column":2},"end":{"line":69,"column":53}},"line":69},"9":{"name":"(anonymous_9)","decl":{"start":{"line":71,"column":42},"end":{"line":71,"column":43}},"loc":{"start":{"line":71,"column":62},"end":{"line":73,"column":1}},"line":71},"10":{"name":"(anonymous_10)","decl":{"start":{"line":75,"column":34},"end":{"line":75,"column":35}},"loc":{"start":{"line":76,"column":2},"end":{"line":76,"column":60}},"line":76}},"branchMap":{"0":{"loc":{"start":{"line":11,"column":50},"end":{"line":11,"column":62}},"type":"default-arg","locations":[{"start":{"line":11,"column":60},"end":{"line":11,"column":62}}],"line":11},"1":{"loc":{"start":{"line":11,"column":64},"end":{"line":11,"column":74}},"type":"default-arg","locations":[{"start":{"line":11,"column":72},"end":{"line":11,"column":74}}],"line":11},"2":{"loc":{"start":{"line":18,"column":23},"end":{"line":18,"column":53}},"type":"cond-expr","locations":[{"start":{"line":18,"column":31},"end":{"line":18,"column":48}},{"start":{"line":18,"column":51},"end":{"line":18,"column":53}}],"line":18},"3":{"loc":{"start":{"line":21,"column":10},"end":{"line":23,"column":27}},"type":"cond-expr","locations":[{"start":{"line":22,"column":10},"end":{"line":22,"column":29}},{"start":{"line":23,"column":10},"end":{"line":23,"column":27}}],"line":21},"4":{"loc":{"start":{"line":21,"column":10},"end":{"line":21,"column":77}},"type":"binary-expr","locations":[{"start":{"line":21,"column":10},"end":{"line":21,"column":40}},{"start":{"line":21,"column":44},"end":{"line":21,"column":77}}],"line":21},"5":{"loc":{"start":{"line":32,"column":18},"end":{"line":32,"column":47}},"type":"binary-expr","locations":[{"start":{"line":32,"column":18},"end":{"line":32,"column":40}},{"start":{"line":32,"column":44},"end":{"line":32,"column":47}}],"line":32},"6":{"loc":{"start":{"line":33,"column":12},"end":{"line":33,"column":72}},"type":"binary-expr","locations":[{"start":{"line":33,"column":12},"end":{"line":33,"column":32}},{"start":{"line":33,"column":36},"end":{"line":33,"column":72}}],"line":33},"7":{"loc":{"start":{"line":43,"column":2},"end":{"line":45,"column":3}},"type":"if","locations":[{"start":{"line":43,"column":2},"end":{"line":45,"column":3}},{"start":{},"end":{}}],"line":43}},"s":{"0":2,"1":2,"2":2,"3":2,"4":2,"5":40,"6":40,"7":14,"8":26,"9":2,"10":20,"11":20,"12":0,"13":2,"14":1,"15":2,"16":0,"17":2,"18":30,"19":2,"20":5,"21":2,"22":2,"23":2,"24":0,"25":2,"26":2,"27":2,"28":0,"29":2,"30":0},"f":{"0":40,"1":20,"2":1,"3":0,"4":30,"5":5,"6":2,"7":0,"8":2,"9":0,"10":0},"b":{"0":[0],"1":[36],"2":[4,36],"3":[2,38],"4":[40,38],"5":[26,0],"6":[26,0],"7":[0,20]},"_coverageSchema":"1a1c01bbd47fc00a2c39e90264f33305004495a9","hash":"6e64143be8cb297e73d1f7c36b4c4c7e01e00676"}
}
