TN:
SF:src/config/db.js
FNF:0
FNH:0
DA:4,2
DA:6,2
DA:7,2
DA:8,2
LF:4
LH:4
BRF:0
BRH:0
end_of_record
TN:
SF:src/middleware/authMiddleware.js
FN:5,(anonymous_0)
FNF:1
FNH:1
FNDA:5,(anonymous_0)
DA:5,1
DA:6,5
DA:8,5
DA:9,1
DA:12,4
DA:13,4
DA:14,1
DA:15,1
DA:17,3
DA:18,1
DA:19,2
DA:20,1
DA:22,1
LF:13
LH:13
BRDA:8,0,0,1
BRDA:8,0,1,4
BRDA:17,1,0,1
BRDA:17,1,1,2
BRDA:19,2,0,1
BRDA:19,2,1,1
BRF:6
BRH:6
end_of_record
TN:
SF:src/tests/wrapper.js
FN:9,(anonymous_0)
FN:39,(anonymous_1)
FN:42,(anonymous_2)
FN:45,(anonymous_3)
FN:48,(anonymous_4)
FN:51,(anonymous_5)
FN:54,(anonymous_6)
FN:57,(anonymous_7)
FN:60,(anonymous_8)
FNF:9
FNH:9
FNDA:60,(anonymous_0)
FNDA:14,(anonymous_1)
FNDA:6,(anonymous_2)
FNDA:19,(anonymous_3)
FNDA:5,(anonymous_4)
FNDA:2,(anonymous_5)
FNDA:6,(anonymous_6)
FNDA:2,(anonymous_7)
FNDA:6,(anonymous_8)
DA:4,2
DA:5,2
DA:6,2
DA:7,2
DA:9,2
DA:10,60
DA:11,60
DA:23,32
DA:29,28
DA:39,2
DA:40,14
DA:42,2
DA:43,6
DA:45,2
DA:46,19
DA:48,2
DA:49,5
DA:51,2
DA:52,2
DA:54,2
DA:55,6
DA:57,2
DA:58,2
DA:60,2
DA:61,6
LF:25
LH:25
BRDA:9,0,0,0
BRDA:9,1,0,24
BRDA:16,2,0,36
BRDA:16,2,1,24
BRDA:19,3,0,8
BRDA:19,3,1,52
BRDA:19,4,0,60
BRDA:19,4,1,52
BRDA:30,5,0,28
BRDA:30,5,1,0
BRDA:31,6,0,28
BRDA:31,6,1,0
BRF:12
BRH:9
end_of_record
