TN:
SF:src/config/db.js
FNF:0
FNH:0
DA:4,1
DA:6,1
DA:7,1
DA:8,1
LF:4
LH:4
BRF:0
BRH:0
end_of_record
TN:
SF:src/tests/wrapper.js
FN:9,(anonymous_0)
FN:39,(anonymous_1)
FN:42,(anonymous_2)
FN:45,(anonymous_3)
FN:48,(anonymous_4)
FN:51,(anonymous_5)
FN:54,(anonymous_6)
FN:57,(anonymous_7)
FN:60,(anonymous_8)
FNF:9
FNH:3
FNDA:6,(anonymous_0)
FNDA:1,(anonymous_1)
FNDA:0,(anonymous_2)
FNDA:5,(anonymous_3)
FNDA:0,(anonymous_4)
FNDA:0,(anonymous_5)
FNDA:0,(anonymous_6)
FNDA:0,(anonymous_7)
FNDA:0,(anonymous_8)
DA:4,1
DA:5,1
DA:6,1
DA:7,1
DA:9,1
DA:10,6
DA:11,6
DA:23,0
DA:29,6
DA:39,1
DA:40,1
DA:42,1
DA:43,0
DA:45,1
DA:46,5
DA:48,1
DA:49,0
DA:51,1
DA:52,0
DA:54,1
DA:55,0
DA:57,1
DA:58,0
DA:60,1
DA:61,0
LF:25
LH:18
BRDA:9,0,0,0
BRDA:9,1,0,6
BRDA:16,2,0,0
BRDA:16,2,1,6
BRDA:19,3,0,0
BRDA:19,3,1,6
BRDA:19,4,0,6
BRDA:19,4,1,6
BRDA:30,5,0,6
BRDA:30,5,1,0
BRDA:31,6,0,6
BRDA:31,6,1,0
BRF:12
BRH:7
end_of_record
